C:\Program Files (x86)\Microsoft Visual Studio\2017\Community\Common7\IDE\VC\VCTargets\Microsoft.CppBuild.targets(391,5): warning MSB8028: The intermediate directory (x64\Debug\) contains files shared from another project (Console.vcxproj).  This can lead to incorrect clean and rebuild behavior.
  Image.cpp
d:\files\programming\c++ visual studio\consoleart\console\image.cpp(48): warning C4267: '+=': conversion from 'size_t' to 'uint32_t', possible loss of data
d:\files\programming\c++ visual studio\consoleart\console\image.cpp(60): warning C4267: '+=': conversion from 'size_t' to 'uint32_t', possible loss of data
d:\files\programming\c++ visual studio\consoleart\console\image.cpp(198): warning C4311: 'type cast': pointer truncation from '_Ty' to 'int'
          with
          [
              _Ty=char *
          ]
d:\files\programming\c++ visual studio\consoleart\console\image.cpp(198): warning C4302: 'type cast': truncation from '_Ty' to 'int'
          with
          [
              _Ty=char *
          ]
d:\files\programming\c++ visual studio\consoleart\console\image.cpp(199): warning C4311: 'type cast': pointer truncation from '_Ty' to 'int'
          with
          [
              _Ty=char *
          ]
d:\files\programming\c++ visual studio\consoleart\console\image.cpp(199): warning C4302: 'type cast': truncation from '_Ty' to 'int'
          with
          [
              _Ty=char *
          ]
d:\files\programming\c++ visual studio\consoleart\console\image.cpp(200): warning C4311: 'type cast': pointer truncation from '_Ty' to 'int'
          with
          [
              _Ty=char *
          ]
d:\files\programming\c++ visual studio\consoleart\console\image.cpp(200): warning C4302: 'type cast': truncation from '_Ty' to 'int'
          with
          [
              _Ty=char *
          ]
d:\files\programming\c++ visual studio\consoleart\console\image.cpp(207): warning C4311: 'type cast': pointer truncation from '_Ty' to 'int'
          with
          [
              _Ty=char *
          ]
d:\files\programming\c++ visual studio\consoleart\console\image.cpp(207): warning C4302: 'type cast': truncation from '_Ty' to 'int'
          with
          [
              _Ty=char *
          ]
d:\files\programming\c++ visual studio\consoleart\console\image.cpp(212): warning C4311: 'type cast': pointer truncation from '_Ty' to 'int'
          with
          [
              _Ty=char *
          ]
d:\files\programming\c++ visual studio\consoleart\console\image.cpp(212): warning C4302: 'type cast': truncation from '_Ty' to 'int'
          with
          [
              _Ty=char *
          ]
d:\files\programming\c++ visual studio\consoleart\console\image.cpp(217): warning C4311: 'type cast': pointer truncation from '_Ty' to 'int'
          with
          [
              _Ty=char *
          ]
d:\files\programming\c++ visual studio\consoleart\console\image.cpp(217): warning C4302: 'type cast': truncation from '_Ty' to 'int'
          with
          [
              _Ty=char *
          ]
d:\files\programming\c++ visual studio\consoleart\console\image.cpp(242): warning C4244: '=': conversion from 'double' to 'int', possible loss of data
  Console.vcxproj -> D:\Files\Programming\C++ Visual Studio\ConsoleArt\x64\Debug\ConsoleArt.exe
